#
# There is insufficient memory for the Java Runtime Environment to continue.
# Native memory allocation (mmap) failed to map 234881024 bytes for G1 virtual space
# Possible reasons:
#   The system is out of physical RAM or swap space
#   The process is running with CompressedOops enabled, and the Java Heap may be blocking the growth of the native heap
# Possible solutions:
#   Reduce memory load on the system
#   Increase physical memory or swap space
#   Check if swap backing store is full
#   Decrease Java heap size (-Xmx/-Xms)
#   Decrease number of Java threads
#   Decrease Java thread stack sizes (-Xss)
#   Set larger code cache with -XX:ReservedCodeCacheSize=
#   JVM is running with Zero Based Compressed Oops mode in which the Java heap is
#     placed in the first 32GB address space. The Java Heap base address is the
#     maximum limit for the native heap growth. Please use -XX:HeapBaseMinAddress
#     to set the Java Heap base and to place the Java Heap above 32GB virtual address.
# This output file may be truncated or incomplete.
#
#  Out of Memory Error (os_windows.cpp:3469), pid=224, tid=13720
#
# JRE version:  (17.0.1+12) (build )
# Java VM: Java HotSpot(TM) 64-Bit Server VM (17.0.1+12-LTS-39, mixed mode, emulated-client, sharing, tiered, compressed oops, compressed class ptrs, g1 gc, windows-amd64)
# No core dump will be written. Minidumps are not enabled by default on client versions of Windows
#

---------------  S U M M A R Y ------------

Command Line: -XX:TieredStopAtLevel=1 barisTask.HospitalTaskApplication

Host: AMD Ryzen 3 2200G with Radeon Vega Graphics    , 4 cores, 13G,  Windows 10 , 64 bit Build 19041 (10.0.19041.2364)
Time: Wed Feb  1 19:24:02 2023 Türkiye Standart Saati elapsed time: 0.016098 seconds (0d 0h 0m 0s)

---------------  T H R E A D  ---------------

Current thread (0x00000231d3b84d50):  JavaThread "Unknown thread" [_thread_in_vm, id=13720, stack(0x000000e8d1100000,0x000000e8d1200000)]

Stack: [0x000000e8d1100000,0x000000e8d1200000]
Native frames: (J=compiled Java code, j=interpreted, Vv=VM code, C=native code)
V  [jvm.dll+0x66fa1a]
V  [jvm.dll+0x7ce5a4]
V  [jvm.dll+0x7cfd4e]
V  [jvm.dll+0x7d03b3]
V  [jvm.dll+0x242b05]
V  [jvm.dll+0x66ca39]
V  [jvm.dll+0x661502]
V  [jvm.dll+0x30081b]
V  [jvm.dll+0x307da6]
V  [jvm.dll+0x357a1e]
V  [jvm.dll+0x357c4f]
V  [jvm.dll+0x2d7ad8]
V  [jvm.dll+0x2d8a44]
V  [jvm.dll+0x7a01e1]
V  [jvm.dll+0x365791]
V  [jvm.dll+0x77f6cc]
V  [jvm.dll+0x3e812f]
V  [jvm.dll+0x3e9bd1]
C  [jli.dll+0x527b]
C  [ucrtbase.dll+0x21bb2]
C  [KERNEL32.DLL+0x17614]
C  [ntdll.dll+0x526a1]


---------------  P R O C E S S  ---------------

Threads class SMR info:
_java_thread_list=0x00007ffeccdc7818, length=0, elements={
}

Java Threads: ( => current thread )

Other Threads:
  0x00000231d3bcdc20 GCTaskThread "GC Thread#0" [stack: 0x000000e8d1200000,0x000000e8d1300000] [id=14808]
  0x00000231d3bdc900 ConcurrentGCThread "G1 Main Marker" [stack: 0x000000e8d1300000,0x000000e8d1400000] [id=2764]
  0x00000231d3bde290 ConcurrentGCThread "G1 Conc#0" [stack: 0x000000e8d1400000,0x000000e8d1500000] [id=1160]

[error occurred during error reporting (printing all threads), id 0xc0000005, EXCEPTION_ACCESS_VIOLATION (0xc0000005) at pc=0x00007ffecc6184b7]

VM state: not at safepoint (not fully initialized)

VM Mutex/Monitor currently owned by a thread:  ([mutex/lock_event])
[0x00000231d3b818f0] Heap_lock - owner thread: 0x00000231d3b84d50

Heap address: 0x0000000721000000, size: 3568 MB, Compressed Oops mode: Zero based, Oop shift amount: 3

CDS archive(s) mapped at: [0x0000000000000000-0x0000000000000000-0x0000000000000000), size 0, SharedBaseAddress: 0x0000000800000000, ArchiveRelocationMode: 0.
Narrow klass base: 0x0000000000000000, Narrow klass shift: 0, Narrow klass range: 0x0

GC Precious Log:
<Empty>

Heap:
 garbage-first heap   total 0K, used 0K [0x0000000721000000, 0x0000000800000000)
  region size 2048K, 0 young (0K), 0 survivors (0K)

[error occurred during error reporting (printing heap information), id 0xc0000005, EXCEPTION_ACCESS_VIOLATION (0xc0000005) at pc=0x00007ffecc9f8d89]

GC Heap History (0 events):
No events

Deoptimization events (0 events):
No events

Classes unloaded (0 events):
No events

Classes redefined (0 events):
No events

Internal exceptions (0 events):
No events

VM Operations (0 events):
No events

Events (1 events):
Event: 0.011 Loaded shared library C:\Program Files\Java\jdk-17.0.1\bin\java.dll


Dynamic libraries:
0x00007ff6dbd50000 - 0x00007ff6dbd60000 	C:\Program Files\Java\jdk-17.0.1\bin\java.exe
0x00007fff5ead0000 - 0x00007fff5ecc8000 	C:\WINDOWS\SYSTEM32\ntdll.dll
0x00007fff4c000000 - 0x00007fff4c017000 	C:\Program Files\Avast Software\Avast\aswhook.dll
0x00007fff5d410000 - 0x00007fff5d4cf000 	C:\WINDOWS\System32\KERNEL32.DLL
0x00007fff5c390000 - 0x00007fff5c662000 	C:\WINDOWS\System32\KERNELBASE.dll
0x00007fff5c950000 - 0x00007fff5ca50000 	C:\WINDOWS\System32\ucrtbase.dll
0x00007fff511b0000 - 0x00007fff511c8000 	C:\Program Files\Java\jdk-17.0.1\bin\jli.dll
0x00007fff5e9e0000 - 0x00007fff5ea8e000 	C:\WINDOWS\System32\ADVAPI32.dll
0x00007fff5d9c0000 - 0x00007fff5da5e000 	C:\WINDOWS\System32\msvcrt.dll
0x00007fff5cf80000 - 0x00007fff5d01c000 	C:\WINDOWS\System32\sechost.dll
0x00007fff5e210000 - 0x00007fff5e335000 	C:\WINDOWS\System32\RPCRT4.dll
0x00007fff5e600000 - 0x00007fff5e7a1000 	C:\WINDOWS\System32\USER32.dll
0x00007fff5c670000 - 0x00007fff5c692000 	C:\WINDOWS\System32\win32u.dll
0x00007fff5e340000 - 0x00007fff5e36b000 	C:\WINDOWS\System32\GDI32.dll
0x00007fff5c280000 - 0x00007fff5c38f000 	C:\WINDOWS\System32\gdi32full.dll
0x00007fff5c800000 - 0x00007fff5c89d000 	C:\WINDOWS\System32\msvcp_win.dll
0x00007fff57bb0000 - 0x00007fff57bca000 	C:\Program Files\Java\jdk-17.0.1\bin\VCRUNTIME140.dll
0x00007fff416d0000 - 0x00007fff4196a000 	C:\WINDOWS\WinSxS\amd64_microsoft.windows.common-controls_6595b64144ccf1df_6.0.19041.1110_none_60b5254171f9507e\COMCTL32.dll
0x00007fff56690000 - 0x00007fff5669a000 	C:\WINDOWS\SYSTEM32\VERSION.dll
0x00007fff5d220000 - 0x00007fff5d252000 	C:\WINDOWS\System32\IMM32.DLL
0x00007fff59860000 - 0x00007fff5986c000 	C:\Program Files\Java\jdk-17.0.1\bin\vcruntime140_1.dll
0x00007fff44fe0000 - 0x00007fff4506d000 	C:\Program Files\Java\jdk-17.0.1\bin\msvcp140.dll
0x00007ffecc330000 - 0x00007ffecceee000 	C:\Program Files\Java\jdk-17.0.1\bin\server\jvm.dll
0x00007fff5e8f0000 - 0x00007fff5e8f8000 	C:\WINDOWS\System32\PSAPI.DLL
0x00007fff4c920000 - 0x00007fff4c929000 	C:\WINDOWS\SYSTEM32\WSOCK32.dll
0x00007fff54de0000 - 0x00007fff54e07000 	C:\WINDOWS\SYSTEM32\WINMM.dll
0x00007fff5e530000 - 0x00007fff5e59b000 	C:\WINDOWS\System32\WS2_32.dll
0x00007fff5a080000 - 0x00007fff5a092000 	C:\WINDOWS\SYSTEM32\kernel.appcore.dll
0x00007fff57ba0000 - 0x00007fff57baa000 	C:\Program Files\Java\jdk-17.0.1\bin\jimage.dll
0x00007fff53290000 - 0x00007fff53474000 	C:\WINDOWS\SYSTEM32\DBGHELP.DLL
0x00007fff53250000 - 0x00007fff53285000 	C:\WINDOWS\SYSTEM32\dbgcore.DLL
0x00007fff5ca80000 - 0x00007fff5cb02000 	C:\WINDOWS\System32\bcryptPrimitives.dll
0x00007fff4d490000 - 0x00007fff4d4b5000 	C:\Program Files\Java\jdk-17.0.1\bin\java.dll

dbghelp: loaded successfully - version: 4.0.5 - missing functions: none
symbol engine: initialized successfully - sym options: 0x614 - pdb path: .;C:\Program Files\Java\jdk-17.0.1\bin;C:\WINDOWS\SYSTEM32;C:\Program Files\Avast Software\Avast;C:\WINDOWS\WinSxS\amd64_microsoft.windows.common-controls_6595b64144ccf1df_6.0.19041.1110_none_60b5254171f9507e;C:\Program Files\Java\jdk-17.0.1\bin\server

VM Arguments:
jvm_args: -XX:TieredStopAtLevel=1 
java_command: barisTask.HospitalTaskApplication
java_class_path (initial): C:\Users\pc\Documents\NetBeansProjects\deneme\target\classes;C:\Users\pc\.m2\repository\com\fasterxml\uuid\java-uuid-generator\3.1.4\java-uuid-generator-3.1.4.jar;C:\Users\pc\.m2\repository\org\webjars\bootstrap\4.5.3\bootstrap-4.5.3.jar;C:\Users\pc\.m2\repository\org\webjars\jquery\3.5.1\jquery-3.5.1.jar;C:\Users\pc\.m2\repository\org\webjars\popper.js\1.16.0\popper.js-1.16.0.jar;C:\Users\pc\.m2\repository\org\springframework\spring-aop\6.0.4\spring-aop-6.0.4.jar;C:\Users\pc\.m2\repository\org\aspectj\aspectjweaver\1.9.19\aspectjweaver-1.9.19.jar;C:\Users\pc\.m2\repository\org\springframework\data\spring-data-jpa\3.0.1\spring-data-jpa-3.0.1.jar;C:\Users\pc\.m2\repository\org\springframework\data\spring-data-commons\3.0.1\spring-data-commons-3.0.1.jar;C:\Users\pc\.m2\repository\org\springframework\spring-orm\6.0.4\spring-orm-6.0.4.jar;C:\Users\pc\.m2\repository\org\springframework\spring-context\6.0.4\spring-context-6.0.4.jar;C:\Users\pc\.m2\repository\org\springframework\spring-tx\6.0.4\spring-tx-6.0.4.jar;C:\Users\pc\.m2\repository\org\springframework\spring-beans\6.0.4\spring-beans-6.0.4.jar;C:\Users\pc\.m2\repository\jakarta\annotation\jakarta.annotation-api\2.1.1\jakarta.annotation-api-2.1.1.jar;C:\Users\pc\.m2\repository\org\springframework\spring-aspects\6.0.4\spring-aspects-6.0.4.jar;C:\Users\pc\.m2\repository\org\springframework\boot\spring-boot\3.0.2\spring-boot-3.0.2.jar;C:\Users\pc\.m2\repository\org\springframework\boot\spring-boot-autoconfigure\3.0.2\spring-boot-autoconfigure-3.0.2.jar;C:\Users\pc\.m2\repository\ch\qos\logback\logback-classic\1.4.5\logback-classic-1.4.5.jar;C:\Users\pc\.m2\repository\ch\qos\logback\logback-core\1.4.5\logback-core-1.4.5.jar;C:\Users\pc\.m2\repository\org\apache\logging\log4j\log4j-to-slf4j\2.19.0\log4j-to-slf4j-2.19.0.jar;C:\Users\pc\.m2\repository\org\apache\logging\log4j\log4j-api\2.19.0\log4j-api-2.19.0.jar;C:\Users\pc\.m2\repository\org\slf4j\jul-to-slf4j\2.0.6\jul-to-slf4j-2.0.6.jar;C:\
Launcher Type: SUN_STANDARD

[Global flags]
     intx CICompilerCount                          = 3                                         {product} {ergonomic}
     uint ConcGCThreads                            = 1                                         {product} {ergonomic}
     uint G1ConcRefinementThreads                  = 4                                         {product} {ergonomic}
   size_t G1HeapRegionSize                         = 2097152                                   {product} {ergonomic}
    uintx GCDrainStackTargetSize                   = 64                                        {product} {ergonomic}
   size_t InitialHeapSize                          = 234881024                                 {product} {ergonomic}
   size_t MarkStackSize                            = 4194304                                   {product} {ergonomic}
   size_t MaxHeapSize                              = 3741319168                                {product} {ergonomic}
   size_t MinHeapDeltaBytes                        = 2097152                                   {product} {ergonomic}
   size_t MinHeapSize                              = 8388608                                   {product} {ergonomic}
    uintx NonProfiledCodeHeapSize                  = 0                                      {pd product} {ergonomic}
     bool ProfileInterpreter                       = false                                  {pd product} {command line}
    uintx ProfiledCodeHeapSize                     = 0                                      {pd product} {ergonomic}
   size_t SoftMaxHeapSize                          = 3741319168                             {manageable} {ergonomic}
     intx TieredStopAtLevel                        = 1                                         {product} {command line}
     bool UseCompressedClassPointers               = true                           {product lp64_product} {ergonomic}
     bool UseCompressedOops                        = true                           {product lp64_product} {ergonomic}
     bool UseG1GC                                  = true                                      {product} {ergonomic}
     bool UseLargePagesIndividualAllocation        = false                                  {pd product} {ergonomic}

Logging:
Log output configuration:
 #0: stdout all=warning uptime,level,tags
 #1: stderr all=off uptime,level,tags

Environment Variables:
JAVA_HOME=C:\Program Files\Java\jdk-17.0.1
PATH=C:\Program Files\Microsoft\jdk-11.0.12.7-hotspot\bin;C:\Program Files\Common Files\Oracle\Java\javapath;C:\Python310\Scripts\;C:\Python310\;C:\Python38\Scripts\;C:\Python38\;C:\Program Files (x86)\Common Files\Oracle\Java\javapath;C:\WINDOWS\system32;C:\WINDOWS;C:\WINDOWS\System32\Wbem;C:\WINDOWS\System32\WindowsPowerShell\v1.0\;C:\Program Files (x86)\Windows Kits\10\Windows Performance Toolkit\;C:\Program Files\dotnet\;C:\Users\pc\Downloads;C:\Users\pc\Documents\CodeBlocks\MinGW\bin;C:\msys64\mingw64\bin;C:\WINDOWS\System32\OpenSSH\;C:\Program Files\nodejs\;C:\Program Files (x86)\php;C:\Program Files\Java\jdk-17.0.1\bin;C:\Program Files\Java\jre1.8.0_311\bin;C:\Program Files\Microsoft\Web Platform Installer\;C:\wamp64\bin\php\php8.1.0;C:\Program Files\Git\cmd;C:\cygwin64;C:\Program Files\Microsoft SQL Server\150\Tools\Binn\;C:\Program Files\Microsoft SQL Server\Client SDK\ODBC\170\Tools\Binn\;C:\Program Files (x86)\Microsoft SQL Server\150\Tools\Binn\;C:\Program Files\Microsoft SQL Server\150\DTS\Binn\;C:\Program Files (x86)\Microsoft SQL Server\150\DTS\Binn\;"C:\Users\pc\AppData\Local\Microsoft\WindowsApps;C;C:\Program Files (x86)\Java\jdk1.8.0_221\jre\bin;C:\Program Files\Java\jdk1.8.0_181\bin";C:\Users\pc\AppData\Local\Programs\Microsoft VS Code\bin;C:\sqlite3;C:\ProgramData\Microsoft\Windows\Start Menu\Programs\Node.js;C:\Users\pc\Documents\CodeBlocks\MinGW\bin;C:\Users\pc\AppData\Local\Programs\MiKTeX 2.9\miktex\bin\x64\;C:\Users\pc\AppData\Local\Microsoft\WindowsApps;C:\tools\msys64;C:\Users\pc\AppData\Roaming\local\bin;C:\Program Files\heroku\bin;C:\Program Files\php-8.1.1;C:\Users\pc\.dotnet\tools;C:\Program Files\heroku\bin;C:\cygwin64;;C:\Program Files\Azure Data Studio\bin
USERNAME=pc
OS=Windows_NT
PROCESSOR_IDENTIFIER=AMD64 Family 23 Model 17 Stepping 0, AuthenticAMD



---------------  S Y S T E M  ---------------

OS:
 Windows 10 , 64 bit Build 19041 (10.0.19041.2364)
OS uptime: 0 days 20:18 hours

CPU: total 4 (initial active 4) (4 cores per cpu, 1 threads per core) family 23 model 17 stepping 0 microcode 0x0, cx8, cmov, fxsr, mmx, 3dnowpref, sse, sse2, sse3, ssse3, sse4a, sse4.1, sse4.2, popcnt, lzcnt, tsc, tscinvbit, avx, avx2, aes, clmul, bmi1, bmi2, adx, sha, fma, vzeroupper, clflush, clflushopt

Memory: 4k page, system-wide physical 14264M (4696M free)
TotalPageFile size 16312M (AvailPageFile size 47M)
current process WorkingSet (physical memory assigned to process): 10M, peak: 10M
current process commit charge ("private bytes"): 46M, peak: 270M

vm_info: Java HotSpot(TM) 64-Bit Server VM (17.0.1+12-LTS-39) for windows-amd64 JRE (17.0.1+12-LTS-39), built on Sep 27 2021 18:41:35 by "mach5one" with MS VC++ 16.8 (VS2019)

END.
